LICENSE
alejo/LICENSE
alejo/assets.lst
alejo/words1.cd_semi_200/feat.params
alejo/words1.cd_semi_200/mdef
alejo/words1.cd_semi_200/means
alejo/words1.cd_semi_200/mixture_weights
alejo/words1.cd_semi_200/noisedict
alejo/words1.cd_semi_200/sendump
alejo/words1.cd_semi_200/transition_matrices
alejo/words1.cd_semi_200/variances
alejo/words1.dict
alejo/words1.gram
alejo/words1.lm
es-20k.lm
es-ptm/feat.params
es-ptm/mdef
es-ptm/means
es-ptm/mixture_weights
es-ptm/noisedict
es-ptm/sendump
es-ptm/transition_matrices
es-ptm/variances
es.dict
nivel1.gram
nivel2.gram
nivel3.gram